;  LST file generated by mikroListExporter - v.2.0 
; Date/Time: 4/3/2017 2:01:20 PM
;----------------------------------------------

;Address Opcode 	ASM
0x0000	0x2A3B      	GOTO       571
_Delay_1us:
;__Lib_Delays.c,7 :: 		void Delay_1us() {
;__Lib_Delays.c,8 :: 		Delay_us(1);
0x0003	0x0000      	NOP
0x0004	0x0000      	NOP
;__Lib_Delays.c,9 :: 		}
L_end_Delay_1us:
0x0005	0x0008      	RETURN
; end of _Delay_1us
_Delay_5500us:
;__Lib_Delays.c,31 :: 		void Delay_5500us() {
;__Lib_Delays.c,32 :: 		Delay_us(5500);
0x0006	0x300F      	MOVLW      15
0x0007	0x1283      	BCF        STATUS, 5
0x0008	0x1303      	BCF        STATUS, 6
0x0009	0x00FC      	MOVWF      R12
0x000A	0x3047      	MOVLW      71
0x000B	0x00FD      	MOVWF      R13
L_Delay_5500us5:
0x000C	0x0BFD      	DECFSZ     R13, 1
0x000D	0x280C      	GOTO       L_Delay_5500us5
0x000E	0x0BFC      	DECFSZ     R12, 1
0x000F	0x280C      	GOTO       L_Delay_5500us5
0x0010	0x0000      	NOP
0x0011	0x0000      	NOP
;__Lib_Delays.c,33 :: 		}
L_end_Delay_5500us:
0x0012	0x0008      	RETURN
; end of _Delay_5500us
_Delay_50us:
;__Lib_Delays.c,19 :: 		void Delay_50us() {
;__Lib_Delays.c,20 :: 		Delay_us(50);
0x0013	0x3021      	MOVLW      33
0x0014	0x1283      	BCF        STATUS, 5
0x0015	0x1303      	BCF        STATUS, 6
0x0016	0x00FD      	MOVWF      R13
L_Delay_50us2:
0x0017	0x0BFD      	DECFSZ     R13, 1
0x0018	0x2817      	GOTO       L_Delay_50us2
;__Lib_Delays.c,21 :: 		}
L_end_Delay_50us:
0x0019	0x0008      	RETURN
; end of _Delay_50us
_Lcd_Cmd:
;__Lib_Lcd.c,18 :: 		
;__Lib_Lcd.c,20 :: 		
0x001A	0x1283      	BCF        STATUS, 5
0x001B	0x1303      	BCF        STATUS, 6
0x001C	0x1BAB      	BTFSC      FARG_Lcd_Cmd_out_char, 7
0x001D	0x2820      	GOTO       L__Lcd_Cmd21
0x001E	0x1186      	BCF        LCD_D7, BitPos(LCD_D7+0)
0x001F	0x2821      	GOTO       L__Lcd_Cmd22
L__Lcd_Cmd21:
0x0020	0x1586      	BSF        LCD_D7, BitPos(LCD_D7+0)
L__Lcd_Cmd22:
;__Lib_Lcd.c,21 :: 		
0x0021	0x1B2B      	BTFSC      FARG_Lcd_Cmd_out_char, 6
0x0022	0x2825      	GOTO       L__Lcd_Cmd23
0x0023	0x1106      	BCF        LCD_D6, BitPos(LCD_D6+0)
0x0024	0x2826      	GOTO       L__Lcd_Cmd24
L__Lcd_Cmd23:
0x0025	0x1506      	BSF        LCD_D6, BitPos(LCD_D6+0)
L__Lcd_Cmd24:
;__Lib_Lcd.c,22 :: 		
0x0026	0x1AAB      	BTFSC      FARG_Lcd_Cmd_out_char, 5
0x0027	0x282A      	GOTO       L__Lcd_Cmd25
0x0028	0x1086      	BCF        LCD_D5, BitPos(LCD_D5+0)
0x0029	0x282B      	GOTO       L__Lcd_Cmd26
L__Lcd_Cmd25:
0x002A	0x1486      	BSF        LCD_D5, BitPos(LCD_D5+0)
L__Lcd_Cmd26:
;__Lib_Lcd.c,23 :: 		
0x002B	0x1A2B      	BTFSC      FARG_Lcd_Cmd_out_char, 4
0x002C	0x282F      	GOTO       L__Lcd_Cmd27
0x002D	0x1006      	BCF        LCD_D4, BitPos(LCD_D4+0)
0x002E	0x2830      	GOTO       L__Lcd_Cmd28
L__Lcd_Cmd27:
0x002F	0x1406      	BSF        LCD_D4, BitPos(LCD_D4+0)
L__Lcd_Cmd28:
;__Lib_Lcd.c,25 :: 		
0x0030	0x1824      	BTFSC      __Lib_Lcd_cmd_status, BitPos(__Lib_Lcd_cmd_status+0)
0x0031	0x2834      	GOTO       L__Lcd_Cmd29
0x0032	0x1606      	BSF        LCD_RS, BitPos(LCD_RS+0)
0x0033	0x2835      	GOTO       L__Lcd_Cmd30
L__Lcd_Cmd29:
0x0034	0x1206      	BCF        LCD_RS, BitPos(LCD_RS+0)
L__Lcd_Cmd30:
;__Lib_Lcd.c,28 :: 		
0x0035	0x1686      	BSF        LCD_EN, BitPos(LCD_EN+0)
;__Lib_Lcd.c,29 :: 		
0x0036	0x2003      	CALL       _Delay_1us
;__Lib_Lcd.c,30 :: 		
0x0037	0x1286      	BCF        LCD_EN, BitPos(LCD_EN+0)
;__Lib_Lcd.c,33 :: 		
0x0038	0x19AB      	BTFSC      FARG_Lcd_Cmd_out_char, 3
0x0039	0x283C      	GOTO       L__Lcd_Cmd31
0x003A	0x1186      	BCF        LCD_D7, BitPos(LCD_D7+0)
0x003B	0x283D      	GOTO       L__Lcd_Cmd32
L__Lcd_Cmd31:
0x003C	0x1586      	BSF        LCD_D7, BitPos(LCD_D7+0)
L__Lcd_Cmd32:
;__Lib_Lcd.c,34 :: 		
0x003D	0x192B      	BTFSC      FARG_Lcd_Cmd_out_char, 2
0x003E	0x2841      	GOTO       L__Lcd_Cmd33
0x003F	0x1106      	BCF        LCD_D6, BitPos(LCD_D6+0)
0x0040	0x2842      	GOTO       L__Lcd_Cmd34
L__Lcd_Cmd33:
0x0041	0x1506      	BSF        LCD_D6, BitPos(LCD_D6+0)
L__Lcd_Cmd34:
;__Lib_Lcd.c,35 :: 		
0x0042	0x18AB      	BTFSC      FARG_Lcd_Cmd_out_char, 1
0x0043	0x2846      	GOTO       L__Lcd_Cmd35
0x0044	0x1086      	BCF        LCD_D5, BitPos(LCD_D5+0)
0x0045	0x2847      	GOTO       L__Lcd_Cmd36
L__Lcd_Cmd35:
0x0046	0x1486      	BSF        LCD_D5, BitPos(LCD_D5+0)
L__Lcd_Cmd36:
;__Lib_Lcd.c,36 :: 		
0x0047	0x182B      	BTFSC      FARG_Lcd_Cmd_out_char, 0
0x0048	0x284B      	GOTO       L__Lcd_Cmd37
0x0049	0x1006      	BCF        LCD_D4, BitPos(LCD_D4+0)
0x004A	0x284C      	GOTO       L__Lcd_Cmd38
L__Lcd_Cmd37:
0x004B	0x1406      	BSF        LCD_D4, BitPos(LCD_D4+0)
L__Lcd_Cmd38:
;__Lib_Lcd.c,38 :: 		
0x004C	0x1824      	BTFSC      __Lib_Lcd_cmd_status, BitPos(__Lib_Lcd_cmd_status+0)
0x004D	0x2850      	GOTO       L__Lcd_Cmd39
0x004E	0x1606      	BSF        LCD_RS, BitPos(LCD_RS+0)
0x004F	0x2851      	GOTO       L__Lcd_Cmd40
L__Lcd_Cmd39:
0x0050	0x1206      	BCF        LCD_RS, BitPos(LCD_RS+0)
L__Lcd_Cmd40:
;__Lib_Lcd.c,40 :: 		
0x0051	0x1686      	BSF        LCD_EN, BitPos(LCD_EN+0)
;__Lib_Lcd.c,41 :: 		
0x0052	0x2003      	CALL       _Delay_1us
;__Lib_Lcd.c,42 :: 		
0x0053	0x1286      	BCF        LCD_EN, BitPos(LCD_EN+0)
;__Lib_Lcd.c,44 :: 		
0x0054	0x1C24      	BTFSS      __Lib_Lcd_cmd_status, BitPos(__Lib_Lcd_cmd_status+0)
0x0055	0x2858      	GOTO       L_Lcd_Cmd0
;__Lib_Lcd.c,45 :: 		
0x0056	0x2006      	CALL       _Delay_5500us
0x0057	0x2859      	GOTO       L_Lcd_Cmd1
L_Lcd_Cmd0:
;__Lib_Lcd.c,47 :: 		
0x0058	0x2013      	CALL       _Delay_50us
L_Lcd_Cmd1:
;__Lib_Lcd.c,48 :: 		
L_end_Lcd_Cmd:
0x0059	0x0008      	RETURN
; end of _Lcd_Cmd
_Div_16x16_S_L:
;__Lib_Math.c,420 :: 		
;__Lib_Math.c,426 :: 		
0x005A	0x0D71      	RLF        R1, 0
;__Lib_Math.c,427 :: 		
0x005B	0x0DF8      	RLF        R8, 1
;__Lib_Math.c,428 :: 		
0x005C	0x0DF9      	RLF        R9, 1
;__Lib_Math.c,429 :: 		
0x005D	0x0874      	MOVF       R4, 0
;__Lib_Math.c,430 :: 		
0x005E	0x02F8      	SUBWF      R8, 1
;__Lib_Math.c,431 :: 		
0x005F	0x0875      	MOVF       R5, 0
;__Lib_Math.c,432 :: 		
0x0060	0x1C03      	BTFSS      STATUS, 0
;__Lib_Math.c,433 :: 		
0x0061	0x0F75      	INCFSZ     R5, 0
;__Lib_Math.c,434 :: 		
0x0062	0x02F9      	SUBWF      R9, 1
;__Lib_Math.c,435 :: 		
0x0063	0x0DF0      	RLF        R0, 1
;__Lib_Math.c,436 :: 		
0x0064	0x0DF1      	RLF        R1, 1
;__Lib_Math.c,438 :: 		
0x0065	0x300F      	MOVLW      15
;__Lib_Math.c,439 :: 		
0x0066	0x00FC      	MOVWF      R12
;__Lib_Math.c,441 :: 		
0x0067	0x0D71      	RLF        R1, 0
;__Lib_Math.c,442 :: 		
0x0068	0x0DF8      	RLF        R8, 1
;__Lib_Math.c,443 :: 		
0x0069	0x0DF9      	RLF        R9, 1
;__Lib_Math.c,444 :: 		
0x006A	0x0874      	MOVF       R4, 0
;__Lib_Math.c,446 :: 		
0x006B	0x1C70      	BTFSS      R0, 0
;__Lib_Math.c,447 :: 		
0x006C	0x2873      	GOTO       $+7
;__Lib_Math.c,448 :: 		
0x006D	0x02F8      	SUBWF      R8, 1
;__Lib_Math.c,449 :: 		
0x006E	0x0875      	MOVF       R5, 0
;__Lib_Math.c,450 :: 		
0x006F	0x1C03      	BTFSS      STATUS, 0
;__Lib_Math.c,451 :: 		
0x0070	0x0F75      	INCFSZ     R5, 0
;__Lib_Math.c,452 :: 		
0x0071	0x02F9      	SUBWF      R9, 1
;__Lib_Math.c,453 :: 		
0x0072	0x2878      	GOTO       $+6
;__Lib_Math.c,455 :: 		
0x0073	0x07F8      	ADDWF      R8, 1
;__Lib_Math.c,456 :: 		
0x0074	0x0875      	MOVF       R5, 0
;__Lib_Math.c,457 :: 		
0x0075	0x1803      	BTFSC      STATUS, 0
;__Lib_Math.c,458 :: 		
0x0076	0x0F75      	INCFSZ     R5, 0
;__Lib_Math.c,459 :: 		
0x0077	0x07F9      	ADDWF      R9, 1
;__Lib_Math.c,461 :: 		
0x0078	0x0DF0      	RLF        R0, 1
;__Lib_Math.c,462 :: 		
0x0079	0x0DF1      	RLF        R1, 1
;__Lib_Math.c,464 :: 		
0x007A	0x0BFC      	DECFSZ     R12, 1
;__Lib_Math.c,465 :: 		
0x007B	0x2867      	GOTO       $-20
;__Lib_Math.c,467 :: 		
0x007C	0x1870      	BTFSC      R0, 0
;__Lib_Math.c,468 :: 		
0x007D	0x2884      	GOTO       $+7
;__Lib_Math.c,469 :: 		
0x007E	0x0874      	MOVF       R4, 0
;__Lib_Math.c,470 :: 		
0x007F	0x07F8      	ADDWF      R8, 1
;__Lib_Math.c,471 :: 		
0x0080	0x0875      	MOVF       R5, 0
;__Lib_Math.c,472 :: 		
0x0081	0x1803      	BTFSC      STATUS, 0
;__Lib_Math.c,473 :: 		
0x0082	0x0F75      	INCFSZ     R5, 0
;__Lib_Math.c,474 :: 		
0x0083	0x07F9      	ADDWF      R9, 1
;__Lib_Math.c,475 :: 		
0x0084	0x0000      	NOP
;__Lib_Math.c,477 :: 		
L_end_Div_16x16_S_L:
0x0085	0x0008      	RETURN
; end of _Div_16x16_S_L
_Lcd_Init:
;__Lib_Lcd.c,84 :: 		
;__Lib_Lcd.c,86 :: 		
0x0086	0x1683      	BSF        STATUS, 5
0x0087	0x1303      	BCF        STATUS, 6
0x0088	0x1286      	BCF        LCD_EN_Direction, BitPos(LCD_EN_Direction+0)
;__Lib_Lcd.c,87 :: 		
0x0089	0x1206      	BCF        LCD_RS_Direction, BitPos(LCD_RS_Direction+0)
;__Lib_Lcd.c,88 :: 		
0x008A	0x1006      	BCF        LCD_D4_Direction, BitPos(LCD_D4_Direction+0)
;__Lib_Lcd.c,89 :: 		
0x008B	0x1086      	BCF        LCD_D5_Direction, BitPos(LCD_D5_Direction+0)
;__Lib_Lcd.c,90 :: 		
0x008C	0x1106      	BCF        LCD_D6_Direction, BitPos(LCD_D6_Direction+0)
;__Lib_Lcd.c,91 :: 		
0x008D	0x1186      	BCF        LCD_D7_Direction, BitPos(LCD_D7_Direction+0)
;__Lib_Lcd.c,93 :: 		
0x008E	0x1283      	BCF        STATUS, 5
0x008F	0x1286      	BCF        LCD_EN, BitPos(LCD_EN+0)
;__Lib_Lcd.c,94 :: 		
0x0090	0x1206      	BCF        LCD_RS, BitPos(LCD_RS+0)
;__Lib_Lcd.c,95 :: 		
0x0091	0x1186      	BCF        LCD_D7, BitPos(LCD_D7+0)
;__Lib_Lcd.c,96 :: 		
0x0092	0x1106      	BCF        LCD_D6, BitPos(LCD_D6+0)
;__Lib_Lcd.c,97 :: 		
0x0093	0x1086      	BCF        LCD_D5, BitPos(LCD_D5+0)
;__Lib_Lcd.c,98 :: 		
0x0094	0x1006      	BCF        LCD_D4, BitPos(LCD_D4+0)
;__Lib_Lcd.c,100 :: 		
0x0095	0x2006      	CALL       _Delay_5500us
;__Lib_Lcd.c,101 :: 		
0x0096	0x2006      	CALL       _Delay_5500us
;__Lib_Lcd.c,102 :: 		
0x0097	0x2006      	CALL       _Delay_5500us
;__Lib_Lcd.c,105 :: 		
0x0098	0x1486      	BSF        LCD_D5, BitPos(LCD_D5+0)
;__Lib_Lcd.c,106 :: 		
0x0099	0x1406      	BSF        LCD_D4, BitPos(LCD_D4+0)
;__Lib_Lcd.c,107 :: 		
0x009A	0x1686      	BSF        LCD_EN, BitPos(LCD_EN+0)
;__Lib_Lcd.c,108 :: 		
0x009B	0x2003      	CALL       _Delay_1us
;__Lib_Lcd.c,109 :: 		
0x009C	0x1286      	BCF        LCD_EN, BitPos(LCD_EN+0)
;__Lib_Lcd.c,110 :: 		
0x009D	0x2006      	CALL       _Delay_5500us
;__Lib_Lcd.c,112 :: 		
0x009E	0x1686      	BSF        LCD_EN, BitPos(LCD_EN+0)
;__Lib_Lcd.c,113 :: 		
0x009F	0x2003      	CALL       _Delay_1us
;__Lib_Lcd.c,114 :: 		
0x00A0	0x1286      	BCF        LCD_EN, BitPos(LCD_EN+0)
;__Lib_Lcd.c,115 :: 		
0x00A1	0x2006      	CALL       _Delay_5500us
;__Lib_Lcd.c,117 :: 		
0x00A2	0x1686      	BSF        LCD_EN, BitPos(LCD_EN+0)
;__Lib_Lcd.c,118 :: 		
0x00A3	0x2003      	CALL       _Delay_1us
;__Lib_Lcd.c,119 :: 		
0x00A4	0x1286      	BCF        LCD_EN, BitPos(LCD_EN+0)
;__Lib_Lcd.c,120 :: 		
0x00A5	0x2006      	CALL       _Delay_5500us
;__Lib_Lcd.c,123 :: 		
0x00A6	0x1006      	BCF        LCD_D4, BitPos(LCD_D4+0)
;__Lib_Lcd.c,124 :: 		
0x00A7	0x1686      	BSF        LCD_EN, BitPos(LCD_EN+0)
;__Lib_Lcd.c,125 :: 		
0x00A8	0x2003      	CALL       _Delay_1us
;__Lib_Lcd.c,126 :: 		
0x00A9	0x1286      	BCF        LCD_EN, BitPos(LCD_EN+0)
;__Lib_Lcd.c,127 :: 		
0x00AA	0x2006      	CALL       _Delay_5500us
;__Lib_Lcd.c,130 :: 		
0x00AB	0x1686      	BSF        LCD_EN, BitPos(LCD_EN+0)
;__Lib_Lcd.c,131 :: 		
0x00AC	0x2003      	CALL       _Delay_1us
;__Lib_Lcd.c,132 :: 		
0x00AD	0x1286      	BCF        LCD_EN, BitPos(LCD_EN+0)
;__Lib_Lcd.c,134 :: 		
0x00AE	0x1086      	BCF        LCD_D5, BitPos(LCD_D5+0)
;__Lib_Lcd.c,135 :: 		
0x00AF	0x1586      	BSF        LCD_D7, BitPos(LCD_D7+0)
;__Lib_Lcd.c,136 :: 		
0x00B0	0x1686      	BSF        LCD_EN, BitPos(LCD_EN+0)
;__Lib_Lcd.c,137 :: 		
0x00B1	0x2003      	CALL       _Delay_1us
;__Lib_Lcd.c,138 :: 		
0x00B2	0x1286      	BCF        LCD_EN, BitPos(LCD_EN+0)
;__Lib_Lcd.c,139 :: 		
0x00B3	0x2006      	CALL       _Delay_5500us
;__Lib_Lcd.c,142 :: 		
0x00B4	0x1186      	BCF        LCD_D7, BitPos(LCD_D7+0)
;__Lib_Lcd.c,143 :: 		
0x00B5	0x1406      	BSF        LCD_D4, BitPos(LCD_D4+0)
;__Lib_Lcd.c,144 :: 		
0x00B6	0x1686      	BSF        LCD_EN, BitPos(LCD_EN+0)
;__Lib_Lcd.c,145 :: 		
0x00B7	0x2003      	CALL       _Delay_1us
;__Lib_Lcd.c,146 :: 		
0x00B8	0x1286      	BCF        LCD_EN, BitPos(LCD_EN+0)
;__Lib_Lcd.c,148 :: 		
0x00B9	0x1006      	BCF        LCD_D4, BitPos(LCD_D4+0)
;__Lib_Lcd.c,149 :: 		
0x00BA	0x1686      	BSF        LCD_EN, BitPos(LCD_EN+0)
;__Lib_Lcd.c,150 :: 		
0x00BB	0x2003      	CALL       _Delay_1us
;__Lib_Lcd.c,151 :: 		
0x00BC	0x1286      	BCF        LCD_EN, BitPos(LCD_EN+0)
;__Lib_Lcd.c,152 :: 		
0x00BD	0x2006      	CALL       _Delay_5500us
;__Lib_Lcd.c,155 :: 		
0x00BE	0x1686      	BSF        LCD_EN, BitPos(LCD_EN+0)
;__Lib_Lcd.c,156 :: 		
0x00BF	0x2003      	CALL       _Delay_1us
;__Lib_Lcd.c,157 :: 		
0x00C0	0x1286      	BCF        LCD_EN, BitPos(LCD_EN+0)
;__Lib_Lcd.c,159 :: 		
0x00C1	0x1406      	BSF        LCD_D4, BitPos(LCD_D4+0)
;__Lib_Lcd.c,160 :: 		
0x00C2	0x1686      	BSF        LCD_EN, BitPos(LCD_EN+0)
;__Lib_Lcd.c,161 :: 		
0x00C3	0x2003      	CALL       _Delay_1us
;__Lib_Lcd.c,162 :: 		
0x00C4	0x1286      	BCF        LCD_EN, BitPos(LCD_EN+0)
;__Lib_Lcd.c,163 :: 		
0x00C5	0x2006      	CALL       _Delay_5500us
;__Lib_Lcd.c,166 :: 		
0x00C6	0x1006      	BCF        LCD_D4, BitPos(LCD_D4+0)
;__Lib_Lcd.c,167 :: 		
0x00C7	0x1686      	BSF        LCD_EN, BitPos(LCD_EN+0)
;__Lib_Lcd.c,168 :: 		
0x00C8	0x2003      	CALL       _Delay_1us
;__Lib_Lcd.c,169 :: 		
0x00C9	0x1286      	BCF        LCD_EN, BitPos(LCD_EN+0)
;__Lib_Lcd.c,171 :: 		
0x00CA	0x1586      	BSF        LCD_D7, BitPos(LCD_D7+0)
;__Lib_Lcd.c,172 :: 		
0x00CB	0x1506      	BSF        LCD_D6, BitPos(LCD_D6+0)
;__Lib_Lcd.c,173 :: 		
0x00CC	0x1486      	BSF        LCD_D5, BitPos(LCD_D5+0)
;__Lib_Lcd.c,174 :: 		
0x00CD	0x1406      	BSF        LCD_D4, BitPos(LCD_D4+0)
;__Lib_Lcd.c,175 :: 		
0x00CE	0x1686      	BSF        LCD_EN, BitPos(LCD_EN+0)
;__Lib_Lcd.c,176 :: 		
0x00CF	0x2003      	CALL       _Delay_1us
;__Lib_Lcd.c,177 :: 		
0x00D0	0x1286      	BCF        LCD_EN, BitPos(LCD_EN+0)
;__Lib_Lcd.c,179 :: 		
0x00D1	0x2006      	CALL       _Delay_5500us
;__Lib_Lcd.c,181 :: 		
0x00D2	0x1424      	BSF        __Lib_Lcd_cmd_status, BitPos(__Lib_Lcd_cmd_status+0)
;__Lib_Lcd.c,182 :: 		
L_end_Lcd_Init:
0x00D3	0x0008      	RETURN
; end of _Lcd_Init
_Lcd_Chr_CP:
;__Lib_Lcd.c,50 :: 		
;__Lib_Lcd.c,52 :: 		
0x00D4	0x1283      	BCF        STATUS, 5
0x00D5	0x1303      	BCF        STATUS, 6
0x00D6	0x1024      	BCF        __Lib_Lcd_cmd_status, BitPos(__Lib_Lcd_cmd_status+0)
;__Lib_Lcd.c,53 :: 		
0x00D7	0x082A      	MOVF       FARG_Lcd_Chr_CP_out_char, 0
0x00D8	0x00AB      	MOVWF      FARG_Lcd_Cmd_out_char
0x00D9	0x201A      	CALL       _Lcd_Cmd
;__Lib_Lcd.c,54 :: 		
0x00DA	0x1424      	BSF        __Lib_Lcd_cmd_status, BitPos(__Lib_Lcd_cmd_status+0)
;__Lib_Lcd.c,55 :: 		
L_end_Lcd_Chr_CP:
0x00DB	0x0008      	RETURN
; end of _Lcd_Chr_CP
_Lcd_Chr:
;__Lib_Lcd.c,65 :: 		
;__Lib_Lcd.c,66 :: 		
0x00DC	0x28EE      	GOTO       L_Lcd_Chr4
;__Lib_Lcd.c,67 :: 		
L_Lcd_Chr6:
0x00DD	0x3080      	MOVLW      128
0x00DE	0x1283      	BCF        STATUS, 5
0x00DF	0x1303      	BCF        STATUS, 6
0x00E0	0x00A7      	MOVWF      FARG_Lcd_Chr_row
0x00E1	0x2901      	GOTO       L_Lcd_Chr5
;__Lib_Lcd.c,68 :: 		
L_Lcd_Chr7:
0x00E2	0x30C0      	MOVLW      192
0x00E3	0x00A7      	MOVWF      FARG_Lcd_Chr_row
0x00E4	0x2901      	GOTO       L_Lcd_Chr5
;__Lib_Lcd.c,69 :: 		
L_Lcd_Chr8:
0x00E5	0x3094      	MOVLW      148
0x00E6	0x00A7      	MOVWF      FARG_Lcd_Chr_row
0x00E7	0x2901      	GOTO       L_Lcd_Chr5
;__Lib_Lcd.c,70 :: 		
L_Lcd_Chr9:
0x00E8	0x30D4      	MOVLW      212
0x00E9	0x00A7      	MOVWF      FARG_Lcd_Chr_row
0x00EA	0x2901      	GOTO       L_Lcd_Chr5
;__Lib_Lcd.c,71 :: 		
L_Lcd_Chr10:
0x00EB	0x3080      	MOVLW      128
0x00EC	0x00A7      	MOVWF      FARG_Lcd_Chr_row
;__Lib_Lcd.c,72 :: 		
0x00ED	0x2901      	GOTO       L_Lcd_Chr5
L_Lcd_Chr4:
0x00EE	0x1283      	BCF        STATUS, 5
0x00EF	0x1303      	BCF        STATUS, 6
0x00F0	0x0827      	MOVF       FARG_Lcd_Chr_row, 0
0x00F1	0x3A01      	XORLW      1
0x00F2	0x1903      	BTFSC      STATUS, 2
0x00F3	0x28DD      	GOTO       L_Lcd_Chr6
0x00F4	0x0827      	MOVF       FARG_Lcd_Chr_row, 0
0x00F5	0x3A02      	XORLW      2
0x00F6	0x1903      	BTFSC      STATUS, 2
0x00F7	0x28E2      	GOTO       L_Lcd_Chr7
0x00F8	0x0827      	MOVF       FARG_Lcd_Chr_row, 0
0x00F9	0x3A03      	XORLW      3
0x00FA	0x1903      	BTFSC      STATUS, 2
0x00FB	0x28E5      	GOTO       L_Lcd_Chr8
0x00FC	0x0827      	MOVF       FARG_Lcd_Chr_row, 0
0x00FD	0x3A04      	XORLW      4
0x00FE	0x1903      	BTFSC      STATUS, 2
0x00FF	0x28E8      	GOTO       L_Lcd_Chr9
0x0100	0x28EB      	GOTO       L_Lcd_Chr10
L_Lcd_Chr5:
;__Lib_Lcd.c,74 :: 		
0x0101	0x0328      	DECF       FARG_Lcd_Chr_column, 0
0x0102	0x00F0      	MOVWF      R0
0x0103	0x0827      	MOVF       FARG_Lcd_Chr_row, 0
0x0104	0x07F0      	ADDWF      R0, 1
0x0105	0x0870      	MOVF       R0, 0
0x0106	0x00A7      	MOVWF      FARG_Lcd_Chr_row
;__Lib_Lcd.c,76 :: 		
0x0107	0x1424      	BSF        __Lib_Lcd_cmd_status, BitPos(__Lib_Lcd_cmd_status+0)
;__Lib_Lcd.c,77 :: 		
0x0108	0x0870      	MOVF       R0, 0
0x0109	0x00AB      	MOVWF      FARG_Lcd_Cmd_out_char
0x010A	0x201A      	CALL       _Lcd_Cmd
;__Lib_Lcd.c,79 :: 		
0x010B	0x1024      	BCF        __Lib_Lcd_cmd_status, BitPos(__Lib_Lcd_cmd_status+0)
;__Lib_Lcd.c,80 :: 		
0x010C	0x0829      	MOVF       FARG_Lcd_Chr_out_char, 0
0x010D	0x00AB      	MOVWF      FARG_Lcd_Cmd_out_char
0x010E	0x201A      	CALL       _Lcd_Cmd
;__Lib_Lcd.c,81 :: 		
0x010F	0x1424      	BSF        __Lib_Lcd_cmd_status, BitPos(__Lib_Lcd_cmd_status+0)
;__Lib_Lcd.c,82 :: 		
L_end_Lcd_Chr:
0x0110	0x0008      	RETURN
; end of _Lcd_Chr
_initLCD:
;gamecode.c,54 :: 		void initLCD() {
;gamecode.c,55 :: 		Lcd_Init();
0x0111	0x2086      	CALL       _Lcd_Init
;gamecode.c,56 :: 		Lcd_Cmd(_LCD_CLEAR);
0x0112	0x3001      	MOVLW      1
0x0113	0x00AB      	MOVWF      FARG_Lcd_Cmd_out_char
0x0114	0x201A      	CALL       _Lcd_Cmd
;gamecode.c,57 :: 		Lcd_Cmd(_LCD_CURSOR_OFF);
0x0115	0x300C      	MOVLW      12
0x0116	0x00AB      	MOVWF      FARG_Lcd_Cmd_out_char
0x0117	0x201A      	CALL       _Lcd_Cmd
;gamecode.c,59 :: 		LCD_RS = 0;
0x0118	0x1206      	BCF        RB4_bit, 4
;gamecode.c,60 :: 		LCD_Cmd(64);
0x0119	0x3040      	MOVLW      64
0x011A	0x00AB      	MOVWF      FARG_Lcd_Cmd_out_char
0x011B	0x201A      	CALL       _Lcd_Cmd
;gamecode.c,61 :: 		LCD_RS = 1;
0x011C	0x1606      	BSF        RB4_bit, 4
;gamecode.c,64 :: 		LCD_Chr_Cp(0b00001010);
0x011D	0x300A      	MOVLW      10
0x011E	0x00AA      	MOVWF      FARG_Lcd_Chr_CP_out_char
0x011F	0x20D4      	CALL       _Lcd_Chr_CP
;gamecode.c,65 :: 		LCD_Chr_Cp(0b00010001);
0x0120	0x3011      	MOVLW      17
0x0121	0x00AA      	MOVWF      FARG_Lcd_Chr_CP_out_char
0x0122	0x20D4      	CALL       _Lcd_Chr_CP
;gamecode.c,66 :: 		LCD_Chr_Cp(0b00011111);
0x0123	0x301F      	MOVLW      31
0x0124	0x00AA      	MOVWF      FARG_Lcd_Chr_CP_out_char
0x0125	0x20D4      	CALL       _Lcd_Chr_CP
;gamecode.c,67 :: 		LCD_Chr_Cp(0b00000000);
0x0126	0x01AA      	CLRF       FARG_Lcd_Chr_CP_out_char
0x0127	0x20D4      	CALL       _Lcd_Chr_CP
;gamecode.c,68 :: 		LCD_Chr_Cp(0b00000000);
0x0128	0x01AA      	CLRF       FARG_Lcd_Chr_CP_out_char
0x0129	0x20D4      	CALL       _Lcd_Chr_CP
;gamecode.c,69 :: 		LCD_Chr_Cp(0b00000000);
0x012A	0x01AA      	CLRF       FARG_Lcd_Chr_CP_out_char
0x012B	0x20D4      	CALL       _Lcd_Chr_CP
;gamecode.c,70 :: 		LCD_Chr_Cp(0b00000000);
0x012C	0x01AA      	CLRF       FARG_Lcd_Chr_CP_out_char
0x012D	0x20D4      	CALL       _Lcd_Chr_CP
;gamecode.c,71 :: 		LCD_Chr_Cp(0b00000000);
0x012E	0x01AA      	CLRF       FARG_Lcd_Chr_CP_out_char
0x012F	0x20D4      	CALL       _Lcd_Chr_CP
;gamecode.c,74 :: 		LCD_Chr_Cp(0b00000000);
0x0130	0x01AA      	CLRF       FARG_Lcd_Chr_CP_out_char
0x0131	0x20D4      	CALL       _Lcd_Chr_CP
;gamecode.c,75 :: 		LCD_Chr_Cp(0b00000000);
0x0132	0x01AA      	CLRF       FARG_Lcd_Chr_CP_out_char
0x0133	0x20D4      	CALL       _Lcd_Chr_CP
;gamecode.c,76 :: 		LCD_Chr_Cp(0b00000000);
0x0134	0x01AA      	CLRF       FARG_Lcd_Chr_CP_out_char
0x0135	0x20D4      	CALL       _Lcd_Chr_CP
;gamecode.c,77 :: 		LCD_Chr_Cp(0b00000000);
0x0136	0x01AA      	CLRF       FARG_Lcd_Chr_CP_out_char
0x0137	0x20D4      	CALL       _Lcd_Chr_CP
;gamecode.c,78 :: 		LCD_Chr_Cp(0b00000000);
0x0138	0x01AA      	CLRF       FARG_Lcd_Chr_CP_out_char
0x0139	0x20D4      	CALL       _Lcd_Chr_CP
;gamecode.c,79 :: 		LCD_Chr_Cp(0b00011111);
0x013A	0x301F      	MOVLW      31
0x013B	0x00AA      	MOVWF      FARG_Lcd_Chr_CP_out_char
0x013C	0x20D4      	CALL       _Lcd_Chr_CP
;gamecode.c,80 :: 		LCD_Chr_Cp(0b00010001);
0x013D	0x3011      	MOVLW      17
0x013E	0x00AA      	MOVWF      FARG_Lcd_Chr_CP_out_char
0x013F	0x20D4      	CALL       _Lcd_Chr_CP
;gamecode.c,81 :: 		LCD_Chr_Cp(0b00001010);
0x0140	0x300A      	MOVLW      10
0x0141	0x00AA      	MOVWF      FARG_Lcd_Chr_CP_out_char
0x0142	0x20D4      	CALL       _Lcd_Chr_CP
;gamecode.c,84 :: 		LCD_Chr_Cp(0b00011111);
0x0143	0x301F      	MOVLW      31
0x0144	0x00AA      	MOVWF      FARG_Lcd_Chr_CP_out_char
0x0145	0x20D4      	CALL       _Lcd_Chr_CP
;gamecode.c,85 :: 		LCD_Chr_Cp(0b00011111);
0x0146	0x301F      	MOVLW      31
0x0147	0x00AA      	MOVWF      FARG_Lcd_Chr_CP_out_char
0x0148	0x20D4      	CALL       _Lcd_Chr_CP
;gamecode.c,86 :: 		LCD_Chr_Cp(0b00011111);
0x0149	0x301F      	MOVLW      31
0x014A	0x00AA      	MOVWF      FARG_Lcd_Chr_CP_out_char
0x014B	0x20D4      	CALL       _Lcd_Chr_CP
;gamecode.c,87 :: 		LCD_Chr_Cp(0b00011111);
0x014C	0x301F      	MOVLW      31
0x014D	0x00AA      	MOVWF      FARG_Lcd_Chr_CP_out_char
0x014E	0x20D4      	CALL       _Lcd_Chr_CP
;gamecode.c,88 :: 		LCD_Chr_Cp(0b00000000);
0x014F	0x01AA      	CLRF       FARG_Lcd_Chr_CP_out_char
0x0150	0x20D4      	CALL       _Lcd_Chr_CP
;gamecode.c,89 :: 		LCD_Chr_Cp(0b00000000);
0x0151	0x01AA      	CLRF       FARG_Lcd_Chr_CP_out_char
0x0152	0x20D4      	CALL       _Lcd_Chr_CP
;gamecode.c,90 :: 		LCD_Chr_Cp(0b00000000);
0x0153	0x01AA      	CLRF       FARG_Lcd_Chr_CP_out_char
0x0154	0x20D4      	CALL       _Lcd_Chr_CP
;gamecode.c,91 :: 		LCD_Chr_Cp(0b00000000);
0x0155	0x01AA      	CLRF       FARG_Lcd_Chr_CP_out_char
0x0156	0x20D4      	CALL       _Lcd_Chr_CP
;gamecode.c,94 :: 		LCD_Chr_Cp(0b00000000);
0x0157	0x01AA      	CLRF       FARG_Lcd_Chr_CP_out_char
0x0158	0x20D4      	CALL       _Lcd_Chr_CP
;gamecode.c,95 :: 		LCD_Chr_Cp(0b00000000);
0x0159	0x01AA      	CLRF       FARG_Lcd_Chr_CP_out_char
0x015A	0x20D4      	CALL       _Lcd_Chr_CP
;gamecode.c,96 :: 		LCD_Chr_Cp(0b00000000);
0x015B	0x01AA      	CLRF       FARG_Lcd_Chr_CP_out_char
0x015C	0x20D4      	CALL       _Lcd_Chr_CP
;gamecode.c,97 :: 		LCD_Chr_Cp(0b00000000);
0x015D	0x01AA      	CLRF       FARG_Lcd_Chr_CP_out_char
0x015E	0x20D4      	CALL       _Lcd_Chr_CP
;gamecode.c,98 :: 		LCD_Chr_Cp(0b00011111);
0x015F	0x301F      	MOVLW      31
0x0160	0x00AA      	MOVWF      FARG_Lcd_Chr_CP_out_char
0x0161	0x20D4      	CALL       _Lcd_Chr_CP
;gamecode.c,99 :: 		LCD_Chr_Cp(0b00011111);
0x0162	0x301F      	MOVLW      31
0x0163	0x00AA      	MOVWF      FARG_Lcd_Chr_CP_out_char
0x0164	0x20D4      	CALL       _Lcd_Chr_CP
;gamecode.c,100 :: 		LCD_Chr_Cp(0b00011111);
0x0165	0x301F      	MOVLW      31
0x0166	0x00AA      	MOVWF      FARG_Lcd_Chr_CP_out_char
0x0167	0x20D4      	CALL       _Lcd_Chr_CP
;gamecode.c,101 :: 		LCD_Chr_Cp(0b00011111);
0x0168	0x301F      	MOVLW      31
0x0169	0x00AA      	MOVWF      FARG_Lcd_Chr_CP_out_char
0x016A	0x20D4      	CALL       _Lcd_Chr_CP
;gamecode.c,103 :: 		LCD_RS = 0;
0x016B	0x1206      	BCF        RB4_bit, 4
;gamecode.c,104 :: 		LCD_Cmd(128);
0x016C	0x3080      	MOVLW      128
0x016D	0x00AB      	MOVWF      FARG_Lcd_Cmd_out_char
0x016E	0x201A      	CALL       _Lcd_Cmd
;gamecode.c,105 :: 		LCD_RS = 1;
0x016F	0x1606      	BSF        RB4_bit, 4
;gamecode.c,106 :: 		}
L_end_initLCD:
0x0170	0x0008      	RETURN
; end of _initLCD
_initPIC:
;gamecode.c,41 :: 		void initPIC() {
;gamecode.c,42 :: 		OSCCON = 0b01110111; // 8 MHz
0x0171	0x3077      	MOVLW      119
0x0172	0x1683      	BSF        STATUS, 5
0x0173	0x1303      	BCF        STATUS, 6
0x0174	0x008F      	MOVWF      OSCCON
;gamecode.c,43 :: 		ANSEL = 0b00000000;
0x0175	0x1703      	BSF        STATUS, 6
0x0176	0x0188      	CLRF       ANSEL
;gamecode.c,44 :: 		ANSELH = 0b00000000;
0x0177	0x0189      	CLRF       ANSELH
;gamecode.c,46 :: 		TRISA = 0b00000000;
0x0178	0x1303      	BCF        STATUS, 6
0x0179	0x0185      	CLRF       TRISA
;gamecode.c,47 :: 		TRISB = 0b00000000;
0x017A	0x0186      	CLRF       TRISB
;gamecode.c,48 :: 		TRISC = 0b00000000;
0x017B	0x0187      	CLRF       TRISC
;gamecode.c,49 :: 		PORTA = 0b00000000;
0x017C	0x1283      	BCF        STATUS, 5
0x017D	0x0185      	CLRF       PORTA
;gamecode.c,50 :: 		PORTB = 0b00000000;
0x017E	0x0186      	CLRF       PORTB
;gamecode.c,51 :: 		PORTC = 0b00000000;
0x017F	0x0187      	CLRF       PORTC
;gamecode.c,52 :: 		}
L_end_initPIC:
0x0180	0x0008      	RETURN
; end of _initPIC
_____DoICP:
;__Lib_System.c,6 :: 		
;__Lib_System.c,9 :: 		
0x0181	0x1283      	BCF        STATUS, 5
0x0182	0x1303      	BCF        STATUS, 6
0x0183	0x0823      	MOVF       ___DoICPAddr+1, 0
0x0184	0x008A      	MOVWF      PCLATH
;__Lib_System.c,10 :: 		
0x0185	0x0822      	MOVF       ___DoICPAddr, 0
0x0186	0x0082      	MOVWF      PCL
;__Lib_System.c,12 :: 		
L_end_____DoICP:
0x0187	0x0008      	RETURN
; end of _____DoICP
_Div_16x16_S:
;__Lib_Math.c,479 :: 		
;__Lib_Math.c,487 :: 		
0x0188	0x1283      	BCF        STATUS, 5
0x0189	0x1303      	BCF        STATUS, 6
0x018A	0x0874      	MOVF       R4, 0
0x018B	0x3A00      	XORLW      0
0x018C	0x1D03      	BTFSS      STATUS, 2
0x018D	0x2997      	GOTO       L_Div_16x16_S0
;__Lib_Math.c,488 :: 		
0x018E	0x0875      	MOVF       R5, 0
0x018F	0x3A00      	XORLW      0
0x0190	0x1D03      	BTFSS      STATUS, 2
0x0191	0x2997      	GOTO       L_Div_16x16_S1
;__Lib_Math.c,489 :: 		
0x0192	0x30FF      	MOVLW      255
0x0193	0x00F0      	MOVWF      R0
;__Lib_Math.c,490 :: 		
0x0194	0x307F      	MOVLW      127
0x0195	0x00F1      	MOVWF      R1
;__Lib_Math.c,491 :: 		
0x0196	0x29F0      	GOTO       L_end_Div_16x16_S
;__Lib_Math.c,492 :: 		
L_Div_16x16_S1:
L_Div_16x16_S0:
;__Lib_Math.c,495 :: 		
0x0197	0x1283      	BCF        STATUS, 5
;__Lib_Math.c,496 :: 		
0x0198	0x1303      	BCF        STATUS, 6
;__Lib_Math.c,497 :: 		
0x0199	0x01FD      	CLRF       R13
;__Lib_Math.c,498 :: 		
0x019A	0x01F9      	CLRF       R9
;__Lib_Math.c,499 :: 		
0x019B	0x01F8      	CLRF       R8
;__Lib_Math.c,500 :: 		
0x019C	0x0871      	MOVF       R1, 0
;__Lib_Math.c,501 :: 		
0x019D	0x0470      	IORWF      R0, 0
;__Lib_Math.c,502 :: 		
0x019E	0x1903      	BTFSC      STATUS, 2
;__Lib_Math.c,503 :: 		
0x019F	0x3400      	RETLW      0
;__Lib_Math.c,505 :: 		
0x01A0	0x0871      	MOVF       R1, 0
;__Lib_Math.c,506 :: 		
0x01A1	0x0675      	XORWF      R5, 0
;__Lib_Math.c,507 :: 		
0x01A2	0x00FA      	MOVWF      R10
;__Lib_Math.c,508 :: 		
0x01A3	0x1BFA      	BTFSC      R10, 7
;__Lib_Math.c,509 :: 		
0x01A4	0x09FD      	COMF       R13, 1
;__Lib_Math.c,511 :: 		
0x01A5	0x01FB      	CLRF       R11
;__Lib_Math.c,513 :: 		
0x01A6	0x1FF5      	BTFSS      R5, 7
;__Lib_Math.c,514 :: 		
0x01A7	0x29AD      	GOTO       $+6
;__Lib_Math.c,516 :: 		
0x01A8	0x09F4      	COMF       R4, 1
;__Lib_Math.c,517 :: 		
0x01A9	0x09F5      	COMF       R5, 1
;__Lib_Math.c,518 :: 		
0x01AA	0x0AF4      	INCF       R4, 1
;__Lib_Math.c,519 :: 		
0x01AB	0x1903      	BTFSC      STATUS, 2
;__Lib_Math.c,520 :: 		
0x01AC	0x0AF5      	INCF       R5, 1
;__Lib_Math.c,522 :: 		
0x01AD	0x1FF1      	BTFSS      R1, 7
;__Lib_Math.c,523 :: 		
0x01AE	0x29B4      	GOTO       $+6
;__Lib_Math.c,525 :: 		
0x01AF	0x09F0      	COMF       R0, 1
;__Lib_Math.c,526 :: 		
0x01B0	0x09F1      	COMF       R1, 1
;__Lib_Math.c,527 :: 		
0x01B1	0x0AF0      	INCF       R0, 1
;__Lib_Math.c,528 :: 		
0x01B2	0x1903      	BTFSC      STATUS, 2
;__Lib_Math.c,529 :: 		
0x01B3	0x0AF1      	INCF       R1, 1
;__Lib_Math.c,531 :: 		
0x01B4	0x0871      	MOVF       R1, 0
;__Lib_Math.c,532 :: 		
0x01B5	0x0475      	IORWF      R5, 0
;__Lib_Math.c,533 :: 		
0x01B6	0x00FA      	MOVWF      R10
;__Lib_Math.c,534 :: 		
0x01B7	0x1BFA      	BTFSC      R10, 7
;__Lib_Math.c,535 :: 		
0x01B8	0x29C9      	GOTO       $+17
;__Lib_Math.c,537 :: 		
0x01B9	0x205A      	CALL       _Div_16x16_S_L
;__Lib_Math.c,539 :: 		
0x01BA	0x187B      	BTFSC      R11, 0
;__Lib_Math.c,540 :: 		
0x01BB	0x29DC      	GOTO       $+33
;__Lib_Math.c,542 :: 		
0x01BC	0x1FFD      	BTFSS      R13, 7
;__Lib_Math.c,543 :: 		
0x01BD	0x3400      	RETLW      0
;__Lib_Math.c,545 :: 		
0x01BE	0x09F0      	COMF       R0, 1
;__Lib_Math.c,546 :: 		
0x01BF	0x09F1      	COMF       R1, 1
;__Lib_Math.c,547 :: 		
0x01C0	0x0AF0      	INCF       R0, 1
;__Lib_Math.c,548 :: 		
0x01C1	0x1903      	BTFSC      STATUS, 2
;__Lib_Math.c,549 :: 		
0x01C2	0x0AF1      	INCF       R1, 1
;__Lib_Math.c,551 :: 		
0x01C3	0x09F8      	COMF       R8, 1
;__Lib_Math.c,552 :: 		
0x01C4	0x09F9      	COMF       R9, 1
;__Lib_Math.c,553 :: 		
0x01C5	0x0AF8      	INCF       R8, 1
;__Lib_Math.c,554 :: 		
0x01C6	0x1903      	BTFSC      STATUS, 2
;__Lib_Math.c,555 :: 		
0x01C7	0x0AF9      	INCF       R9, 1
;__Lib_Math.c,557 :: 		
0x01C8	0x3400      	RETLW      0
;__Lib_Math.c,559 :: 		
0x01C9	0x1FF5      	BTFSS      R5, 7
;__Lib_Math.c,560 :: 		
0x01CA	0x29D8      	GOTO       $+14
;__Lib_Math.c,561 :: 		
0x01CB	0x1BF1      	BTFSC      R1, 7
;__Lib_Math.c,562 :: 		
0x01CC	0x29D4      	GOTO       $+8
;__Lib_Math.c,563 :: 		
0x01CD	0x0871      	MOVF       R1, 0
;__Lib_Math.c,564 :: 		
0x01CE	0x00F9      	MOVWF      R9
;__Lib_Math.c,565 :: 		
0x01CF	0x0870      	MOVF       R0, 0
;__Lib_Math.c,566 :: 		
0x01D0	0x00F8      	MOVWF      R8
;__Lib_Math.c,567 :: 		
0x01D1	0x01F1      	CLRF       R1
;__Lib_Math.c,568 :: 		
0x01D2	0x01F0      	CLRF       R0
;__Lib_Math.c,569 :: 		
0x01D3	0x29BC      	GOTO       $-23
;__Lib_Math.c,570 :: 		
0x01D4	0x01F1      	CLRF       R1
;__Lib_Math.c,571 :: 		
0x01D5	0x01F0      	CLRF       R0
;__Lib_Math.c,572 :: 		
0x01D6	0x0AF0      	INCF       R0, 1
;__Lib_Math.c,573 :: 		
0x01D7	0x3400      	RETLW      0
;__Lib_Math.c,575 :: 		
0x01D8	0x09F1      	COMF       R1, 1
;__Lib_Math.c,576 :: 		
0x01D9	0x09F0      	COMF       R0, 1
;__Lib_Math.c,577 :: 		
0x01DA	0x0AFB      	INCF       R11, 1
;__Lib_Math.c,578 :: 		
0x01DB	0x29B9      	GOTO       $-34
;__Lib_Math.c,580 :: 		
0x01DC	0x0AF8      	INCF       R8, 1
;__Lib_Math.c,581 :: 		
0x01DD	0x1903      	BTFSC      STATUS, 2
;__Lib_Math.c,582 :: 		
0x01DE	0x0AF9      	INCF       R9, 1
;__Lib_Math.c,583 :: 		
0x01DF	0x0874      	MOVF       R4, 0
;__Lib_Math.c,584 :: 		
0x01E0	0x0278      	SUBWF      R8, 0
;__Lib_Math.c,585 :: 		
0x01E1	0x1D03      	BTFSS      STATUS, 2
;__Lib_Math.c,586 :: 		
0x01E2	0x29BC      	GOTO       $-38
;__Lib_Math.c,587 :: 		
0x01E3	0x0875      	MOVF       R5, 0
;__Lib_Math.c,588 :: 		
0x01E4	0x0279      	SUBWF      R9, 0
;__Lib_Math.c,589 :: 		
0x01E5	0x1D03      	BTFSS      STATUS, 2
;__Lib_Math.c,590 :: 		
0x01E6	0x29BC      	GOTO       $-42
;__Lib_Math.c,591 :: 		
0x01E7	0x01F9      	CLRF       R9
;__Lib_Math.c,592 :: 		
0x01E8	0x01F8      	CLRF       R8
;__Lib_Math.c,593 :: 		
0x01E9	0x0AF0      	INCF       R0, 1
;__Lib_Math.c,594 :: 		
0x01EA	0x1903      	BTFSC      STATUS, 2
;__Lib_Math.c,595 :: 		
0x01EB	0x0AF1      	INCF       R1, 1
;__Lib_Math.c,596 :: 		
0x01EC	0x1FF1      	BTFSS      R1, 7
;__Lib_Math.c,597 :: 		
0x01ED	0x29BC      	GOTO       $-49
;__Lib_Math.c,598 :: 		
0x01EE	0x0000      	NOP
;__Lib_Math.c,599 :: 		
0x01EF	0x34FF      	RETLW      255
;__Lib_Math.c,601 :: 		
L_end_Div_16x16_S:
0x01F0	0x0008      	RETURN
; end of _Div_16x16_S
_update:
;gamecode.c,26 :: 		void update() {
;gamecode.c,27 :: 		}
L_end_update:
0x01F1	0x0008      	RETURN
; end of _update
___CC2DW:
;__Lib_System.c,134 :: 		
;__Lib_System.c,137 :: 		
_CC2D_Loop1:
;__Lib_System.c,139 :: 		
0x01F2	0x2181      	CALL       _____DoICP
0x01F3	0x118A      	BCF        PCLATH, 3
0x01F4	0x120A      	BCF        PCLATH, 4
;__Lib_System.c,141 :: 		
0x01F5	0x0080      	MOVWF      INDF
;__Lib_System.c,142 :: 		
0x01F6	0x0A84      	INCF       FSR, 1
;__Lib_System.c,143 :: 		
0x01F7	0x0AA2      	INCF       ___DoICPAddr, 1
;__Lib_System.c,145 :: 		
0x01F8	0x1903      	BTFSC      STATUS, 2
;__Lib_System.c,146 :: 		
0x01F9	0x0AA3      	INCF       ___DoICPAddr+1, 1
;__Lib_System.c,147 :: 		
0x01FA	0x03F0      	DECF       R0, 1
;__Lib_System.c,149 :: 		
0x01FB	0x1D03      	BTFSS      STATUS, 2
;__Lib_System.c,150 :: 		
0x01FC	0x29F2      	GOTO       _CC2D_Loop1
;__Lib_System.c,152 :: 		
L_end___CC2DW:
0x01FD	0x0008      	RETURN
; end of ___CC2DW
_initialize:
;gamecode.c,30 :: 		void initialize() {
;gamecode.c,31 :: 		initPIC();
0x01FE	0x2171      	CALL       _initPIC
;gamecode.c,32 :: 		initLCD();
0x01FF	0x2111      	CALL       _initLCD
;gamecode.c,34 :: 		for(i = 1; i <= 4; i++) {
0x0200	0x3001      	MOVLW      1
0x0201	0x00A0      	MOVWF      _i
0x0202	0x3000      	MOVLW      0
0x0203	0x00A1      	MOVWF      _i+1
L_initialize2:
0x0204	0x3080      	MOVLW      128
0x0205	0x00F0      	MOVWF      R0
0x0206	0x3080      	MOVLW      128
0x0207	0x0621      	XORWF      _i+1, 0
0x0208	0x0270      	SUBWF      R0, 0
0x0209	0x1D03      	BTFSS      STATUS, 2
0x020A	0x2A0D      	GOTO       L__initialize11
0x020B	0x0820      	MOVF       _i, 0
0x020C	0x3C04      	SUBLW      4
L__initialize11:
0x020D	0x1C03      	BTFSS      STATUS, 0
0x020E	0x2A3A      	GOTO       L_initialize3
;gamecode.c,35 :: 		for(j = 1; j <= 20; j++) {
0x020F	0x3001      	MOVLW      1
0x0210	0x00A5      	MOVWF      _j
0x0211	0x3000      	MOVLW      0
0x0212	0x00A6      	MOVWF      _j+1
L_initialize5:
0x0213	0x3080      	MOVLW      128
0x0214	0x00F0      	MOVWF      R0
0x0215	0x3080      	MOVLW      128
0x0216	0x0626      	XORWF      _j+1, 0
0x0217	0x0270      	SUBWF      R0, 0
0x0218	0x1D03      	BTFSS      STATUS, 2
0x0219	0x2A1C      	GOTO       L__initialize12
0x021A	0x0825      	MOVF       _j, 0
0x021B	0x3C14      	SUBLW      20
L__initialize12:
0x021C	0x1C03      	BTFSS      STATUS, 0
0x021D	0x2A36      	GOTO       L_initialize6
;gamecode.c,36 :: 		Lcd_Chr(i, j, j%4);
0x021E	0x0820      	MOVF       _i, 0
0x021F	0x00A7      	MOVWF      FARG_Lcd_Chr_row
0x0220	0x0825      	MOVF       _j, 0
0x0221	0x00A8      	MOVWF      FARG_Lcd_Chr_column
0x0222	0x3004      	MOVLW      4
0x0223	0x00F4      	MOVWF      R4
0x0224	0x3000      	MOVLW      0
0x0225	0x00F5      	MOVWF      R4+1
0x0226	0x0825      	MOVF       _j, 0
0x0227	0x00F0      	MOVWF      R0
0x0228	0x0826      	MOVF       _j+1, 0
0x0229	0x00F1      	MOVWF      R0+1
0x022A	0x2188      	CALL       _Div_16x16_S
0x022B	0x0878      	MOVF       R8, 0
0x022C	0x00F0      	MOVWF      R0
0x022D	0x0879      	MOVF       R8+1, 0
0x022E	0x00F1      	MOVWF      R0+1
0x022F	0x0870      	MOVF       R0, 0
0x0230	0x00A9      	MOVWF      FARG_Lcd_Chr_out_char
0x0231	0x20DC      	CALL       _Lcd_Chr
;gamecode.c,35 :: 		for(j = 1; j <= 20; j++) {
0x0232	0x0AA5      	INCF       _j, 1
0x0233	0x1903      	BTFSC      STATUS, 2
0x0234	0x0AA6      	INCF       _j+1, 1
;gamecode.c,37 :: 		}
0x0235	0x2A13      	GOTO       L_initialize5
L_initialize6:
;gamecode.c,34 :: 		for(i = 1; i <= 4; i++) {
0x0236	0x0AA0      	INCF       _i, 1
0x0237	0x1903      	BTFSC      STATUS, 2
0x0238	0x0AA1      	INCF       _i+1, 1
;gamecode.c,38 :: 		}
0x0239	0x2A04      	GOTO       L_initialize2
L_initialize3:
;gamecode.c,39 :: 		}
L_end_initialize:
0x023A	0x0008      	RETURN
; end of _initialize
_main:
;gamecode.c,21 :: 		void main() {
;gamecode.c,22 :: 		initialize();
0x023B	0x21FE      	CALL       _initialize
;gamecode.c,23 :: 		while(1) { update(); }
L_main0:
0x023C	0x21F1      	CALL       _update
0x023D	0x2A3C      	GOTO       L_main0
;gamecode.c,24 :: 		}
L_end_main:
0x023E	0x2A3E      	GOTO       $+0
; end of _main
Symbol List:
//** Routines locations **
//ADDRESS    SIZE    PROCEDURE
//----------------------------------------------
0x0003       [3]    _Delay_1us
0x0006      [13]    _Delay_5500us
0x0013       [7]    _Delay_50us
0x001A      [64]    _Lcd_Cmd
0x005A      [44]    _Div_16x16_S_L
0x0086      [78]    _Lcd_Init
0x00D4       [8]    _Lcd_Chr_CP
0x00DC      [53]    _Lcd_Chr
0x0111      [96]    _initLCD
0x0171      [16]    _initPIC
0x0181       [7]    _____DoICP
0x0188     [105]    _Div_16x16_S
0x01F1       [1]    _update
0x01F2      [12]    ___CC2DW
0x01FE      [61]    _initialize
0x023B       [4]    _main
//** Variables locations ** 
//ADDRESS    SIZE    VARIABLE
//----------------------------------------------
0x0000       [1]    INDF
0x0002       [1]    PCL
0x0003       [1]    STATUS
0x0004       [1]    FSR
0x0005       [1]    PORTA
0x0006       [0]    LCD_RS
0x0006       [0]    LCD_EN
0x0006       [0]    LCD_D5
0x0006       [0]    LCD_D4
0x0006       [0]    RB2_bit
0x0006       [0]    RB3_bit
0x0006       [0]    RB0_bit
0x0006       [0]    RB1_bit
0x0006       [0]    RB5_bit
0x0006       [0]    RB4_bit
0x0006       [1]    PORTB
0x0006       [0]    LCD_D7
0x0006       [0]    LCD_D6
0x0007       [1]    PORTC
0x000A       [1]    PCLATH
0x0020       [2]    _i
0x0022       [2]    ___DoICPAddr
0x0024       [0]    __Lib_Lcd_cmd_status
0x0025       [2]    _j
0x0027       [1]    FARG_Lcd_Chr_row
0x0028       [1]    FARG_Lcd_Chr_column
0x0029       [1]    FARG_Lcd_Chr_out_char
0x002A       [1]    FARG_Lcd_Chr_CP_out_char
0x002B       [1]    FARG_Lcd_Cmd_out_char
0x0070       [1]    R0
0x0071       [1]    R1
0x0072       [1]    R2
0x0073       [1]    R3
0x0074       [1]    R4
0x0075       [1]    R5
0x0076       [1]    R6
0x0077       [1]    R7
0x0078       [1]    R8
0x0079       [1]    R9
0x007A       [1]    R10
0x007B       [1]    R11
0x007C       [1]    R12
0x007D       [1]    R13
0x007E       [1]    R14
0x007F       [1]    R15
0x0085       [1]    TRISA
0x0086       [0]    LCD_D6_Direction
0x0086       [0]    LCD_D4_Direction
0x0086       [0]    TRISB0_bit
0x0086       [1]    TRISB
0x0086       [0]    TRISB3_bit
0x0086       [0]    LCD_D5_Direction
0x0086       [0]    TRISB5_bit
0x0086       [0]    TRISB4_bit
0x0086       [0]    LCD_RS_Direction
0x0086       [0]    TRISB1_bit
0x0086       [0]    LCD_D7_Direction
0x0086       [0]    TRISB2_bit
0x0086       [0]    LCD_EN_Direction
0x0087       [1]    TRISC
0x008F       [1]    OSCCON
0x0188       [1]    ANSEL
0x0189       [1]    ANSELH
//** Label List: ** 
//----------------------------------------------
  L_main0
  L_main1
  L_initialize2
  L_initialize3
  L_initialize4
  L_initialize5
  L_initialize6
  L_initialize7
  L_end_main
  _main
  L_end_update
  _update
  L_end_initialize
  _initialize
  L__initialize11
  L__initialize12
  L_end_initPIC
  _initPIC
  L_end_initLCD
  _initLCD
  L_Delay_10us0
  L_Delay_22us1
  L_Delay_50us2
  L_Delay_80us3
  L_Delay_500us4
  L_Delay_5500us5
  L_Delay_1ms6
  L_Delay_5ms7
  L_Delay_8ms8
  L_Delay_10ms9
  L_Delay_100ms10
  L_Delay_1sec11
  L_boot16_Delay_5ms12
  L_Delay_Cyc13
  L_Delay_Cyc14
  L_VDelay_ms15
  L_VDelay_ms16
  L_VDelay_ms17
  L_VDelay_Advanced_ms18
  L_VDelay_Advanced_ms19
  L_VDelay_Advanced_ms20
  L_end_Get_Fosc_kHz
  _Get_Fosc_kHz
  L_end_Delay_1us
  _Delay_1us
  L_end_Delay_10us
  _Delay_10us
  L_end_Delay_22us
  _Delay_22us
  L_end_Delay_50us
  _Delay_50us
  L_end_Delay_80us
  _Delay_80us
  L_end_Delay_500us
  _Delay_500us
  L_end_Delay_5500us
  _Delay_5500us
  L_end_Delay_1ms
  _Delay_1ms
  L_end_Delay_5ms
  _Delay_5ms
  L_end_Delay_8ms
  _Delay_8ms
  L_end_Delay_10ms
  _Delay_10ms
  L_end_Delay_100ms
  _Delay_100ms
  L_end_Delay_1sec
  _Delay_1sec
  L_end_boot16_Delay_5ms
  _boot16_Delay_5ms
  L_end_Delay_Cyc
  _Delay_Cyc
  L_end_VDelay_ms
  _VDelay_ms
  L__VDelay_ms38
  L__VDelay_ms39
  L__VDelay_ms40
  L_end_VDelay_Advanced_ms
  _VDelay_Advanced_ms
  L__VDelay_Advanced_ms42
  L__VDelay_Advanced_ms43
  L__VDelay_Advanced_ms44
  L_Lcd_Cmd0
  L_Lcd_Cmd1
  L_Lcd_Out_CP2
  L_Lcd_Out_CP3
  L_Lcd_Chr4
  L_Lcd_Chr5
  L_Lcd_Chr6
  L_Lcd_Chr7
  L_Lcd_Chr8
  L_Lcd_Chr9
  L_Lcd_Chr10
  L_Lcd_Out11
  L_Lcd_Out12
  L_Lcd_Out13
  L_Lcd_Out14
  L_Lcd_Out15
  L_Lcd_Out16
  L_Lcd_Out17
  L_Lcd_Out18
  L_Lcd_Out19
  L_end_Lcd_Cmd
  _Lcd_Cmd
  L__Lcd_Cmd21
  L__Lcd_Cmd22
  L__Lcd_Cmd23
  L__Lcd_Cmd24
  L__Lcd_Cmd25
  L__Lcd_Cmd26
  L__Lcd_Cmd27
  L__Lcd_Cmd28
  L__Lcd_Cmd29
  L__Lcd_Cmd30
  L__Lcd_Cmd31
  L__Lcd_Cmd32
  L__Lcd_Cmd33
  L__Lcd_Cmd34
  L__Lcd_Cmd35
  L__Lcd_Cmd36
  L__Lcd_Cmd37
  L__Lcd_Cmd38
  L__Lcd_Cmd39
  L__Lcd_Cmd40
  L_end_Lcd_Chr_CP
  _Lcd_Chr_CP
  L_end_Lcd_Out_CP
  _Lcd_Out_CP
  L_end_Lcd_Chr
  _Lcd_Chr
  L_end_Lcd_Init
  _Lcd_Init
  L_end_Lcd_Out
  _Lcd_Out
  L_Div_16x16_S0
  L_Div_16x16_S1
  LOOPS3232A
  SADD22LA
  SOK22LA
  SADD22L8
  SOK22L8
  LOOPS3232B
  SADD22LB
  SOK22LB
  SADD22L16
  SOK22L16
  LOOPS3232C
  SADD22LC
  SOK22LC
  SADD22L24
  SOK22L24
  LOOPS3232D
  SADD22LD
  SOK22LD
  SOK22L
  L_Div_32x32_S6
  L_Div_32x32_S7
  L_Div_32x32_S8
  L_Div_32x32_S9
  FXD3232S
  END_ALL
  CA3232S
  C3232SX
  C3232SX1
  C3232S
  C3232S2
  C3232SX4
  C3232SOK
  C3232SX3
  C3232SX2
  avoid_comfrem
  LOOPU3232A
  UADD22LA
  UOK22LA
  UADD22L8
  UOK22L8
  LOOPU3232B
  UADD22LB
  UOK22LB
  UADD22L16
  UOK22L16
  LOOPU3232C
  UADD22LC
  UOK22LC
  UADD22L24
  UOK22L24
  LOOPU3232D
  UADD22LD
  UOK22LD
  UOK22L
  _NEXT
  _EXIT2
  _LOOP
  _EXIT1
  _IF_FIRST
  _IF_SECOND
  _INVERCE_FIRST
  _MULT
  _INBERSE_SECOND
  _EXIT
  L_end_Mul_8x8_U
  _Mul_8x8_U
  L_end_Mul_16x16_U
  _Mul_16x16_U
  L_end_Div_8x8_U
  _Div_8x8_U
  L_end_Div_16x16_U
  _Div_16x16_U
  L_end_Mul_8x8_S
  _Mul_8x8_S
  L_end_Mul_16x16_S
  _Mul_16x16_S
  L_end_Div_16x16_S_L
  _Div_16x16_S_L
  L_end_Div_16x16_S
  _Div_16x16_S
  L_end_Div_8x8_S
  _Div_8x8_S
  L_end_SDIV3232L
  _SDIV3232L
  L_end_COMFREM
  _COMFREM
  L_end_Div_32x32_S
  _Div_32x32_S
  L_end_Div_32x32_U
  _Div_32x32_U
  L_end_Mul_32x32_U
  _Mul_32x32_U
  L_end_Mul_32x32_S
  _Mul_32x32_S
  L_loopCA2AWs
  L_CA2AWend
  _CCA2AW_Loop1
  L_loopCS2Ss
  L_CS2Send
  _CCS2S_Loop1
  L_CCS2Send
  L_loopFZinSWs
  L_FZinSend
  _CC2D_Loop1
  L_end_____DoICP
  _____DoICP
  L_end_____DoIFC
  _____DoIFC
  L_end___CA2AW
  ___CA2AW
  L_end___CCA2AW
  ___CCA2AW
  L_end___CS2S
  ___CS2S
  L_end___CCS2S
  ___CCS2S
  L_end___FZinS
  ___FZinS
  L_end___CC2DW
  ___CC2DW
  L_end_Swap
  _Swap
